Arguments: 
  C:\Program Files\nodejs\node.exe C:\Program Files (x86)\Yarn\bin\yarn.js init

PATH: 
  C:\Python27\;C:\Python27\Scripts;C:\Program Files (x86)\Intel\iCLS Client\;C:\Program Files\Intel\iCLS Client\;C:\WINDOWS\system32;C:\WINDOWS;C:\WINDOWS\System32\Wbem;C:\WINDOWS\System32\WindowsPowerShell\v1.0\;C:\Program Files (x86)\Intel\Intel(R) Management Engine Components\DAL;C:\Program Files\Intel\Intel(R) Management Engine Components\DAL;C:\Program Files (x86)\Intel\Intel(R) Management Engine Components\IPT;C:\Program Files\Intel\Intel(R) Management Engine Components\IPT;C:\Program Files\Intel\WiFi\bin\;C:\Program Files\Common Files\Intel\WirelessCommon\;C:\Program Files\Git\cmd;C:\Program Files\PuTTY\;C:\ProgramData\chocolatey\bin;C:\WINDOWS\System32\OpenSSH\;C:\Go\bin;C:\Users\p\go-ipfs;C:\Program Files (x86)\Yarn\bin\;C:\Program Files\nodejs\;C:\Program Files\Java\jdk1.8.0_211\bin;C:\Users\p\AppData\Local\Android\Sdk\platform-tools;C:\Users\p\.cargo\bin;C:\Users\p\AppData\Local\Programs\Python\Python36-32\;C:\Users\p\AppData\Local\Programs\Python\Python36-32\Scripts\;C:\Users\p\AppData\Local\Microsoft\WindowsApps;C:\Users\p\AppData\Local\atom\bin;C:\Users\p\AppData\Roaming\Dashlane\4.6.6.23032\bin\Firefox_Extension\{442718d9-475e-452a-b3e1-fb1ee16b8e9f}\components;C:\Users\p\AppData\Local\Microsoft\WindowsApps;C:\Users\p\go\bin;C:\Users\p\AppData\Roaming\Dashlane\6.0.3.11395\bin\Firefox_Extension\{442718d9-475e-452a-b3e1-fb1ee16b8e9f}\components;C:\Users\p\AppData\Roaming\Dashlane\6.0.3.11395\ucrt;C:\Users\p\AppData\Roaming\Dashlane\6.0.3.11395\bin\Qt;C:\Users\p\AppData\Roaming\Dashlane\6.0.3.11395\ucrt;C:\Users\p\AppData\Roaming\Dashlane\6.0.3.11395\bin\Ssl;C:\Users\p\AppData\Local\Yarn\bin;C:\Users\p\AppData\Local\now-cli;C:\Users\p\AppData\Roaming\npm;C:\Program Files\Java\jdk1.8.0_211\bin;

Yarn version: 
  1.12.3

Node version: 
  12.11.0

Platform: 
  win32 x64

Trace: 
  Error: canceled
      at Interface.<anonymous> (C:\Program Files (x86)\Yarn\lib\cli.js:125278:13)
      at Interface.emit (events.js:210:5)
      at Interface._ttyWrite (readline.js:887:16)
      at ReadStream.onkeypress (readline.js:191:10)
      at ReadStream.emit (events.js:210:5)
      at emitKeys (internal/readline/utils.js:433:14)
      at emitKeys.next (<anonymous>)
      at ReadStream.onData (readline.js:1153:36)
      at ReadStream.emit (events.js:210:5)
      at addChunk (_stream_readable.js:308:12)

npm manifest: 
  No manifest

yarn manifest: 
  No manifest

Lockfile: 
  No lockfile
